2025-01-04 13:13:32,893 [INFO] Activator:176 - 


2025-01-04 13:13:32,900 [INFO] Activator:177 - !SESSION log4j initialized
2025-01-04 13:13:36,470 [INFO] LogOutputStream:77 - [STDOUT_REDIRECT] 
2025-01-04 13:13:37,534 [ERROR] LogOutputStream:75 - [STDERR_REDIRECT] 
2025-01-04 13:13:39,603 [INFO] LogOutputStream:77 - [STDOUT_REDIRECT] 
2025-01-04 13:13:40,327 [INFO] ApplicationProperties:184 - Using Application install path: /Applications/STM32CubeIDE.app/Contents/Eclipse/plugins/com.st.stm32cube.common.mx_6.13.0.202411220809
2025-01-04 13:13:40,344 [INFO] DbMcusXml:78 - Set database path to: /Applications/STM32CubeIDE.app/Contents/Eclipse/plugins/com.st.stm32cube.common.mx_6.13.0.202411220809//db//mcu/
2025-01-04 13:13:40,345 [INFO] ApiDb:274 - Set plugin database path to: /Applications/STM32CubeIDE.app/Contents/Eclipse/plugins/com.st.stm32cube.common.mx_6.13.0.202411220809//db//plugins/boardmanager/
2025-01-04 13:13:40,345 [WARN] ApiDb:259 - Overriding images path with different value:  => /Applications/STM32CubeIDE.app/Contents/Eclipse/plugins/com.st.stm32cube.common.mx_6.13.0.202411220809//db//plugins/mcufinder/images/
2025-01-04 13:13:40,354 [INFO] ApiDb:250 - Set database path to: /Users/michaelalex/.stmcufinder/plugins/mcufinder//mcu/
2025-01-04 13:13:40,356 [INFO] DbMcusAds:125 - Set database path to: /Users/michaelalex/.stmcufinder/plugins/mcufinder//mcu/
2025-01-04 13:13:40,358 [INFO] CrossReferenceDbSqlite:203 - Set database path to: /Users/michaelalex/.stmcufinder/plugins/mcufinder//mcu/cs/
2025-01-04 13:13:40,475 [INFO] RulesReader:64 - Compatibility file has been processed (297 Rules)
2025-01-04 13:13:40,573 [INFO] DbMcusXml:78 - Set database path to: /Applications/STM32CubeIDE.app/Contents/Eclipse/plugins/com.st.stm32cube.common.mx_6.13.0.202411220809//db//mcu/
2025-01-04 13:13:40,573 [INFO] ApiDb:274 - Set plugin database path to: /Applications/STM32CubeIDE.app/Contents/Eclipse/plugins/com.st.stm32cube.common.mx_6.13.0.202411220809//db//plugins/boardmanager/
2025-01-04 13:13:40,573 [INFO] ApiDb:261 - Set plugin images path to: /Applications/STM32CubeIDE.app/Contents/Eclipse/plugins/com.st.stm32cube.common.mx_6.13.0.202411220809//db//plugins/mcufinder/images/
2025-01-04 13:13:40,574 [WARN] DbFile:41 - Overriding database path with different value: /Users/michaelalex/.stmcufinder/plugins/mcufinder/ => /Users/michaelalex/.stmcufinder/plugins/mcufinder
2025-01-04 13:13:40,574 [INFO] ApiDb:250 - Set database path to: /Users/michaelalex/.stmcufinder/plugins/mcufinder//mcu/
2025-01-04 13:13:40,574 [WARN] DbFile:41 - Overriding database path with different value: /Users/michaelalex/.stmcufinder/plugins/mcufinder/ => /Users/michaelalex/.stmcufinder/plugins/mcufinder
2025-01-04 13:13:40,574 [INFO] DbMcusAds:125 - Set database path to: /Users/michaelalex/.stmcufinder/plugins/mcufinder//mcu/
2025-01-04 13:13:40,574 [WARN] DbFile:41 - Overriding database path with different value: /Users/michaelalex/.stmcufinder/plugins/mcufinder/ => /Users/michaelalex/.stmcufinder/plugins/mcufinder
2025-01-04 13:13:40,574 [WARN] DbFile:41 - Overriding database path with different value: /Users/michaelalex/.stmcufinder/plugins/mcufinder/ => /Users/michaelalex/.stmcufinder/plugins/mcufinder
2025-01-04 13:13:40,574 [INFO] CrossReferenceDbSqlite:203 - Set database path to: /Users/michaelalex/.stmcufinder/plugins/mcufinder//mcu/cs/
2025-01-04 13:13:40,652 [INFO] MainPanel:272 - HeapMemory: 268435456
2025-01-04 13:13:41,252 [INFO] DbMcusXml:78 - Set database path to: /Applications/STM32CubeIDE.app/Contents/Eclipse/plugins/com.st.stm32cube.common.mx_6.13.0.202411220809//db//mcu/
2025-01-04 13:13:41,252 [INFO] ApiDb:274 - Set plugin database path to: /Applications/STM32CubeIDE.app/Contents/Eclipse/plugins/com.st.stm32cube.common.mx_6.13.0.202411220809//db//plugins/boardmanager/
2025-01-04 13:13:41,253 [INFO] ApiDb:261 - Set plugin images path to: /Applications/STM32CubeIDE.app/Contents/Eclipse/plugins/com.st.stm32cube.common.mx_6.13.0.202411220809//db//plugins/mcufinder/images/
2025-01-04 13:13:41,253 [WARN] DbFile:41 - Overriding database path with different value: /Users/michaelalex/.stmcufinder/plugins/mcufinder/ => /Users/michaelalex/.stmcufinder/plugins/mcufinder
2025-01-04 13:13:41,253 [INFO] ApiDb:250 - Set database path to: /Users/michaelalex/.stmcufinder/plugins/mcufinder//mcu/
2025-01-04 13:13:41,253 [WARN] DbFile:41 - Overriding database path with different value: /Users/michaelalex/.stmcufinder/plugins/mcufinder/ => /Users/michaelalex/.stmcufinder/plugins/mcufinder
2025-01-04 13:13:41,253 [INFO] DbMcusAds:125 - Set database path to: /Users/michaelalex/.stmcufinder/plugins/mcufinder//mcu/
2025-01-04 13:13:41,253 [WARN] DbFile:41 - Overriding database path with different value: /Users/michaelalex/.stmcufinder/plugins/mcufinder/ => /Users/michaelalex/.stmcufinder/plugins/mcufinder
2025-01-04 13:13:41,253 [WARN] DbFile:41 - Overriding database path with different value: /Users/michaelalex/.stmcufinder/plugins/mcufinder/ => /Users/michaelalex/.stmcufinder/plugins/mcufinder
2025-01-04 13:13:41,254 [INFO] CrossReferenceDbSqlite:203 - Set database path to: /Users/michaelalex/.stmcufinder/plugins/mcufinder//mcu/cs/
2025-01-04 13:13:41,271 [INFO] ApplicationProperties:184 - Using Application install path: /Applications/STM32CubeIDE.app/Contents/Eclipse/plugins/com.st.stm32cube.common.mx_6.13.0.202411220809
2025-01-04 13:13:41,273 [INFO] PluginManage:196 - Search for loadable plugins [exclusion list=, ]
2025-01-04 13:13:41,274 [INFO] PluginManage:310 - Check plugin analytics
2025-01-04 13:13:41,444 [INFO] AnalyticsPlugin:253 - Accepted Software Licenses: 
2025-01-04 13:13:41,445 [INFO] AnalyticsPlugin:255 - Accepted CMSIS Pack Licenses: 
2025-01-04 13:13:41,445 [INFO] AnalyticsPlugin:257 - Accepted Firmware Licenses: FW.F4.1.27.0,FW.G4.1.6.0,FW.F4.1.28.0
2025-01-04 13:13:41,448 [INFO] PluginManage:359 - Loaded plugin analytics (category:tool,tabindex:-1)
2025-01-04 13:13:41,448 [INFO] PluginManage:310 - Check plugin cadmodel
2025-01-04 13:13:41,454 [INFO] CADModel:105 - Init CAD model plugin
2025-01-04 13:13:41,454 [INFO] PluginManage:359 - Loaded plugin cadmodel (category:power,tabindex:5)
2025-01-04 13:13:41,454 [INFO] PluginManage:310 - Check plugin clock
2025-01-04 13:13:41,463 [INFO] PluginManage:359 - Loaded plugin clock (category:base,tabindex:2)
2025-01-04 13:13:41,463 [INFO] PluginManage:310 - Check plugin ddr
2025-01-04 13:13:41,466 [INFO] PluginManage:359 - Loaded plugin ddr (category:tool,tabindex:6)
2025-01-04 13:13:41,466 [INFO] PluginManage:310 - Check plugin filemanager
2025-01-04 13:13:41,618 [INFO] PluginManage:359 - Loaded plugin filemanager (category:base,tabindex:10)
2025-01-04 13:13:41,618 [INFO] PluginManage:310 - Check plugin ipmanager
2025-01-04 13:13:41,624 [INFO] PluginManage:359 - Loaded plugin ipmanager (category:base,tabindex:5)
2025-01-04 13:13:41,624 [INFO] PluginManage:310 - Check plugin lpbam
2025-01-04 13:13:41,635 [INFO] PluginManage:359 - Loaded plugin lpbam (category:base,tabindex:0)
2025-01-04 13:13:41,635 [INFO] PluginManage:310 - Check plugin memorymap
2025-01-04 13:13:41,650 [INFO] PluginManage:359 - Loaded plugin memorymap (category:base,tabindex:4)
2025-01-04 13:13:41,650 [INFO] PluginManage:310 - Check plugin pinoutandconfiguration
2025-01-04 13:13:41,659 [INFO] PluginManage:359 - Loaded plugin pinoutandconfiguration (category:base,tabindex:1)
2025-01-04 13:13:41,659 [INFO] PluginManage:310 - Check plugin pinoutconfig
2025-01-04 13:13:41,757 [WARN] SupportedApi:132 - Cannot load RTOS API schema: s4s-elt-must-match.1: The content of 'definitions' must match (annotation?, (simpleType | complexType)?, (unique | key | keyref)*)). A problem was found starting at: attribute.
2025-01-04 13:13:41,912 [INFO] PluginManage:359 - Loaded plugin pinoutconfig (category:base,tabindex:0)
2025-01-04 13:13:41,913 [INFO] PluginManage:310 - Check plugin power
2025-01-04 13:13:41,924 [INFO] PluginManage:359 - Loaded plugin power (category:power,tabindex:4)
2025-01-04 13:13:41,924 [INFO] PluginManage:310 - Check plugin projectmanager
2025-01-04 13:13:41,940 [INFO] PluginManage:359 - Loaded plugin projectmanager (category:projectmanager,tabindex:4)
2025-01-04 13:13:41,940 [INFO] PluginManage:310 - Check plugin rif
2025-01-04 13:13:41,947 [INFO] PluginManage:359 - Loaded plugin rif (category:base,tabindex:3)
2025-01-04 13:13:41,947 [INFO] PluginManage:310 - Check plugin thirdparty
2025-01-04 13:13:42,078 [WARN] IntegrityCheckThread:84 - waiting for thirdparty lock release [integrity check]
2025-01-04 13:13:42,079 [INFO] IntegrityCheckThread:86 - entering critical section [integrity check]
2025-01-04 13:13:42,079 [INFO] PluginManage:359 - Loaded plugin thirdparty (category:base,tabindex:-1)
2025-01-04 13:13:42,079 [INFO] PluginManage:310 - Check plugin tools
2025-01-04 13:13:42,079 [INFO] ThirdPartyUpdaterWithRetryManager:70 - Updater plugin not ready yet. [1/15]
2025-01-04 13:13:42,081 [INFO] PluginManage:359 - Loaded plugin tools (category:base,tabindex:7)
2025-01-04 13:13:42,081 [INFO] PluginManage:310 - Check plugin tutovideos
2025-01-04 13:13:42,285 [INFO] PluginManage:359 - Loaded plugin tutovideos (category:base,tabindex:-1)
2025-01-04 13:13:42,285 [INFO] PluginManage:310 - Check plugin updater
2025-01-04 13:13:42,306 [INFO] PluginManage:359 - Loaded plugin updater (category:base,tabindex:12)
2025-01-04 13:13:42,307 [INFO] PluginManage:310 - Check plugin userauth
2025-01-04 13:13:42,310 [INFO] UserAuth:118 - Init User Auth plugin
2025-01-04 13:13:42,311 [INFO] PluginManage:359 - Loaded plugin userauth (category:base,tabindex:14)
2025-01-04 13:13:42,311 [INFO] PluginManage:283 - PluginManage : Loaded plugins [18]
2025-01-04 13:13:42,504 [INFO] PinOutPanel:1589 - setPackage(No Configuration,No Configuration)
2025-01-04 13:13:42,581 [INFO] CADModel:165 - CPN selected for project level
2025-01-04 13:13:42,581 [INFO] CADModel:114 - Register for checkConnection events
2025-01-04 13:13:42,594 [INFO] IPUIPlugin:80 - create IPUIPlugin
2025-01-04 13:13:42,595 [INFO] PluginManager:220 - loadIPPluginJar : add mdma
2025-01-04 13:13:42,602 [INFO] IPUIPlugin:80 - create IPUIPlugin
2025-01-04 13:13:42,602 [INFO] PluginManager:220 - loadIPPluginJar : add freertos
2025-01-04 13:13:42,607 [INFO] IPUIPlugin:80 - create IPUIPlugin
2025-01-04 13:13:42,608 [INFO] PluginManager:220 - loadIPPluginJar : add gic
2025-01-04 13:13:42,618 [INFO] IPUIPlugin:80 - create IPUIPlugin
2025-01-04 13:13:42,618 [INFO] PluginManager:220 - loadIPPluginJar : add adc
2025-01-04 13:13:42,620 [INFO] IPUIPlugin:80 - create IPUIPlugin
2025-01-04 13:13:42,621 [INFO] PluginManager:220 - loadIPPluginJar : add gtzc
2025-01-04 13:13:42,622 [INFO] IPUIPlugin:80 - create IPUIPlugin
2025-01-04 13:13:42,622 [INFO] PluginManager:220 - loadIPPluginJar : add quadspi
2025-01-04 13:13:42,624 [INFO] IPUIPlugin:80 - create IPUIPlugin
2025-01-04 13:13:42,624 [INFO] PluginManager:220 - loadIPPluginJar : add aes
2025-01-04 13:13:42,627 [INFO] IPUIPlugin:80 - create IPUIPlugin
2025-01-04 13:13:42,627 [INFO] PluginManager:220 - loadIPPluginJar : add pdm2pcm
2025-01-04 13:13:42,629 [INFO] IPUIPlugin:80 - create IPUIPlugin
2025-01-04 13:13:42,629 [INFO] PluginManager:220 - loadIPPluginJar : add hash
2025-01-04 13:13:42,630 [INFO] IPUIPlugin:80 - create IPUIPlugin
2025-01-04 13:13:42,630 [INFO] PluginManager:220 - loadIPPluginJar : add tim
2025-01-04 13:13:42,632 [INFO] IPUIPlugin:80 - create IPUIPlugin
2025-01-04 13:13:42,632 [INFO] PluginManager:220 - loadIPPluginJar : add tsc
2025-01-04 13:13:42,634 [INFO] IPUIPlugin:80 - create IPUIPlugin
2025-01-04 13:13:42,635 [INFO] PluginManager:220 - loadIPPluginJar : add extmemmanager
2025-01-04 13:13:42,636 [INFO] IPUIPlugin:80 - create IPUIPlugin
2025-01-04 13:13:42,636 [INFO] PluginManager:220 - loadIPPluginJar : add ts
2025-01-04 13:13:42,638 [INFO] IPUIPlugin:80 - create IPUIPlugin
2025-01-04 13:13:42,638 [INFO] PluginManager:220 - loadIPPluginJar : add radio
2025-01-04 13:13:42,640 [INFO] IPUIPlugin:80 - create IPUIPlugin
2025-01-04 13:13:42,641 [INFO] PluginManager:220 - loadIPPluginJar : add can
2025-01-04 13:13:42,643 [INFO] IPUIPlugin:80 - create IPUIPlugin
2025-01-04 13:13:42,643 [INFO] PluginManager:220 - loadIPPluginJar : add dma3
2025-01-04 13:13:42,645 [INFO] IPUIPlugin:80 - create IPUIPlugin
2025-01-04 13:13:42,645 [INFO] PluginManager:220 - loadIPPluginJar : add dfsdm
2025-01-04 13:13:42,647 [INFO] IPUIPlugin:80 - create IPUIPlugin
2025-01-04 13:13:42,647 [INFO] PluginManager:220 - loadIPPluginJar : add spi
2025-01-04 13:13:42,649 [INFO] IPUIPlugin:80 - create IPUIPlugin
2025-01-04 13:13:42,649 [INFO] PluginManager:220 - loadIPPluginJar : add gfxmmu
2025-01-04 13:13:42,650 [INFO] IPUIPlugin:80 - create IPUIPlugin
2025-01-04 13:13:42,651 [INFO] PluginManager:220 - loadIPPluginJar : add genericplugin
2025-01-04 13:13:42,653 [INFO] IPUIPlugin:80 - create IPUIPlugin
2025-01-04 13:13:42,653 [INFO] PluginManager:220 - loadIPPluginJar : add cryp
2025-01-04 13:13:42,657 [INFO] IPUIPlugin:80 - create IPUIPlugin
2025-01-04 13:13:42,657 [INFO] PluginManager:220 - loadIPPluginJar : add gpio
2025-01-04 13:13:42,660 [INFO] IPUIPlugin:80 - create IPUIPlugin
2025-01-04 13:13:42,660 [INFO] PluginManager:220 - loadIPPluginJar : add ddr_ctrl_phy
2025-01-04 13:13:42,661 [INFO] IPUIPlugin:80 - create IPUIPlugin
2025-01-04 13:13:42,662 [INFO] PluginManager:220 - loadIPPluginJar : add comp
2025-01-04 13:13:42,663 [INFO] IPUIPlugin:80 - create IPUIPlugin
2025-01-04 13:13:42,664 [INFO] PluginManager:220 - loadIPPluginJar : add tracer_emb
2025-01-04 13:13:42,666 [INFO] IPUIPlugin:80 - create IPUIPlugin
2025-01-04 13:13:42,667 [INFO] PluginManager:220 - loadIPPluginJar : add openamp
2025-01-04 13:13:42,672 [INFO] IPUIPlugin:80 - create IPUIPlugin
2025-01-04 13:13:42,672 [INFO] PluginManager:220 - loadIPPluginJar : add stm32_wpan
2025-01-04 13:13:42,678 [INFO] IPUIPlugin:80 - create IPUIPlugin
2025-01-04 13:13:42,681 [INFO] PluginManager:220 - loadIPPluginJar : add plateformsettings
2025-01-04 13:13:42,684 [INFO] IPUIPlugin:80 - create IPUIPlugin
2025-01-04 13:13:42,684 [INFO] PluginManager:220 - loadIPPluginJar : add ipddr
2025-01-04 13:13:42,686 [INFO] IPUIPlugin:80 - create IPUIPlugin
2025-01-04 13:13:42,686 [INFO] PluginManager:220 - loadIPPluginJar : add usart
2025-01-04 13:13:42,688 [INFO] IPUIPlugin:80 - create IPUIPlugin
2025-01-04 13:13:42,688 [INFO] PluginManager:220 - loadIPPluginJar : add ltdc
2025-01-04 13:13:42,691 [INFO] IPUIPlugin:80 - create IPUIPlugin
2025-01-04 13:13:42,691 [INFO] PluginManager:220 - loadIPPluginJar : add nvic
2025-01-04 13:13:42,692 [INFO] IPUIPlugin:80 - create IPUIPlugin
2025-01-04 13:13:42,692 [INFO] PluginManager:220 - loadIPPluginJar : add fatfs
2025-01-04 13:13:42,699 [INFO] IPUIPlugin:80 - create IPUIPlugin
2025-01-04 13:13:42,699 [INFO] PluginManager:220 - loadIPPluginJar : add linkedlist
2025-01-04 13:13:42,705 [INFO] IPUIPlugin:80 - create IPUIPlugin
2025-01-04 13:13:42,705 [INFO] PluginManager:220 - loadIPPluginJar : add dma
2025-01-04 13:13:42,709 [INFO] IPUIPlugin:80 - create IPUIPlugin
2025-01-04 13:13:42,709 [INFO] PluginManager:220 - loadIPPluginJar : add fmc
2025-01-04 13:13:42,711 [INFO] IPUIPlugin:80 - create IPUIPlugin
2025-01-04 13:13:42,711 [INFO] PluginManager:220 - loadIPPluginJar : add i2s
2025-01-04 13:13:42,713 [INFO] IPUIPlugin:80 - create IPUIPlugin
2025-01-04 13:13:42,713 [INFO] PluginManager:220 - loadIPPluginJar : add ucpd
2025-01-04 13:13:42,715 [INFO] IPUIPlugin:80 - create IPUIPlugin
2025-01-04 13:13:42,716 [INFO] PluginManager:220 - loadIPPluginJar : add lorawan
2025-01-04 13:13:42,718 [INFO] IPUIPlugin:80 - create IPUIPlugin
2025-01-04 13:13:42,718 [INFO] PluginManager:220 - loadIPPluginJar : add opamp
2025-01-04 13:13:42,721 [INFO] IPUIPlugin:80 - create IPUIPlugin
2025-01-04 13:13:42,721 [INFO] PluginManager:220 - loadIPPluginJar : add i3c
2025-01-04 13:13:42,724 [INFO] IPUIPlugin:80 - create IPUIPlugin
2025-01-04 13:13:42,724 [INFO] PluginManager:220 - loadIPPluginJar : add touchsensing
2025-01-04 13:13:42,727 [INFO] IPUIPlugin:80 - create IPUIPlugin
2025-01-04 13:13:42,727 [INFO] PluginManager:220 - loadIPPluginJar : add i2c
2025-01-04 13:13:42,731 [INFO] IPUIPlugin:80 - create IPUIPlugin
2025-01-04 13:13:42,731 [INFO] PluginManager:220 - loadIPPluginJar : add resmgrutility
2025-01-04 13:13:42,734 [INFO] IPUIPlugin:80 - create IPUIPlugin
2025-01-04 13:13:42,734 [INFO] PluginManager:220 - loadIPPluginJar : add sai
2025-01-04 13:13:42,736 [INFO] IPUIPlugin:80 - create IPUIPlugin
2025-01-04 13:13:42,736 [INFO] PluginManager:220 - loadIPPluginJar : add usbx
2025-01-04 13:13:42,841 [FATAL] Updater:351 - Updater called before beeing initialized
2025-01-04 13:13:42,872 [INFO] RulesReader:64 - Compatibility file has been processed (297 Rules)
2025-01-04 13:13:42,887 [INFO] RulesReader:64 - Compatibility file has been processed (297 Rules)
2025-01-04 13:13:42,893 [INFO] CADModel:165 - CPN selected for project level
2025-01-04 13:13:42,893 [INFO] CADModel:114 - Register for checkConnection events
2025-01-04 13:13:42,893 [FATAL] Updater:351 - Updater called before beeing initialized
2025-01-04 13:13:42,893 [ERROR] CADModel:125 - Updater not yet initialized, retry later 
2025-01-04 13:13:43,069 [FATAL] Updater:351 - Updater called before beeing initialized
2025-01-04 13:13:43,072 [INFO] CADModel:165 - CPN selected for project level
2025-01-04 13:13:43,072 [INFO] CADModel:114 - Register for checkConnection events
2025-01-04 13:13:43,072 [FATAL] Updater:351 - Updater called before beeing initialized
2025-01-04 13:13:43,072 [ERROR] CADModel:125 - Updater not yet initialized, retry later 
2025-01-04 13:13:43,075 [FATAL] Updater:351 - Updater called before beeing initialized
2025-01-04 13:13:43,154 [FATAL] Updater:351 - Updater called before beeing initialized
2025-01-04 13:13:43,158 [INFO] DbMcusAds:53 - JSON generation date=Tue Dec 17 08:01:15 PST 2024 (1734451275222)
2025-01-04 13:13:43,158 [FATAL] Updater:351 - Updater called before beeing initialized
2025-01-04 13:13:43,308 [WARN] DetailPanel:346 - Failed to get advertising image, set to default
2025-01-04 13:13:43,572 [FATAL] Updater:351 - Updater called before beeing initialized
2025-01-04 13:13:43,574 [FATAL] Updater:351 - Updater called before beeing initialized
2025-01-04 13:13:43,574 [FATAL] Updater:351 - Updater called before beeing initialized
2025-01-04 13:13:43,574 [WARN] DetailPanel:346 - Failed to get advertising image, set to default
2025-01-04 13:13:43,575 [FATAL] Updater:351 - Updater called before beeing initialized
2025-01-04 13:13:43,607 [ERROR] Updater:1198 - MainUpdater not yet initialized. External WinMGr cannot be set.
2025-01-04 13:13:43,608 [INFO] Updater:1134 - Updater Version found : 6.13.0
2025-01-04 13:13:43,631 [INFO] ApplicationProperties:184 - Using Application install path: /Applications/STM32CubeIDE.app/Contents/Eclipse/plugins/com.st.stm32cube.common.mx_6.13.0.202411220809
2025-01-04 13:13:44,132 [INFO] MainUpdater:2872 - connection check result : 10
2025-01-04 13:13:44,132 [INFO] MainUpdater:289 - Updater Check For Update Now.
2025-01-04 13:13:44,133 [INFO] MicroXplorer:498 - Change Database Version : DB.6.0.130
2025-01-04 13:13:44,139 [INFO] McuFinderGlobals:63 - Set McuFinder mode to 2 (CubeIDE integrated)
2025-01-04 13:13:44,140 [INFO] UserAuth:486 - Internet connection configuration mode: 1
2025-01-04 13:13:44,168 [INFO] JxBrowserEngine:152 - Initiate JxBrowser Engine with user profile folder
2025-01-04 13:13:44,371 [INFO] CheckServerUpdateThread:120 - End of CheckServer Thread
2025-01-04 13:13:44,703 [ERROR] LogOutputStream:75 - [STDERR_REDIRECT] [Fatal Error] :2:10: DOCTYPE is disallowed when the feature "http://apache.org/xml/features/disallow-doctype-decl" set to true.
2025-01-04 13:13:44,703 [ERROR] LogOutputStream:75 - [STDERR_REDIRECT] 
2025-01-04 13:13:45,500 [WARN] PackLoader:240 - Cannot read IP mode file for STMicroelectronics.FP-SNS-MOTENVWB1.1.4.0
2025-01-04 13:13:45,510 [WARN] PackLoader:240 - Cannot read IP mode file for STMicroelectronics.FP-ATR-ASTRA1.2.0.1
2025-01-04 13:13:45,526 [WARN] PackLoader:240 - Cannot read IP mode file for STMicroelectronics.X-CUBE-SMBUS.2.1.0
2025-01-04 13:13:45,540 [WARN] PackLoader:240 - Cannot read IP mode file for STMicroelectronics.X-CUBE-WB05N.1.1.0
2025-01-04 13:13:45,593 [WARN] PackLoader:240 - Cannot read IP mode file for STMicroelectronics.X-CUBE-AZRTOS-F7.1.1.0
2025-01-04 13:13:45,605 [WARN] PackLoader:240 - Cannot read IP mode file for STMicroelectronics.FP-SNS-MOTENV1.4.3.2
2025-01-04 13:13:45,615 [WARN] PackLoader:240 - Cannot read IP mode file for STMicroelectronics.X-CUBE-BLE1.6.2.3
2025-01-04 13:13:45,620 [WARN] PackLoader:240 - Cannot read IP mode file for STMicroelectronics.X-CUBE-BLE1.6.2.4
2025-01-04 13:13:45,624 [WARN] PackLoader:240 - Cannot read IP mode file for STMicroelectronics.FP-SNS-FLIGHT1.5.0.2
2025-01-04 13:13:45,635 [INFO] WebApp:168 - Instantiating new browser for Auth
2025-01-04 13:13:45,658 [WARN] PackLoader:240 - Cannot read IP mode file for Infineon.AIROC-Wi-Fi-Bluetooth-STM32.1.7.0
2025-01-04 13:13:45,702 [WARN] PackLoader:240 - Cannot read IP mode file for STMicroelectronics.X-CUBE-TOF1.3.1.0
2025-01-04 13:13:45,741 [WARN] PackLoader:240 - Cannot read IP mode file for STMicroelectronics.X-CUBE-DISPLAY.3.0.0
2025-01-04 13:13:45,756 [WARN] PackLoader:240 - Cannot read IP mode file for STMicroelectronics.X-CUBE-BLE1.7.0.0
2025-01-04 13:13:45,768 [WARN] PackLoader:240 - Cannot read IP mode file for STMicroelectronics.X-CUBE-NFC10.1.0.0
2025-01-04 13:13:45,787 [WARN] PackLoader:240 - Cannot read IP mode file for STMicroelectronics.X-CUBE-BLEMGR.4.0.0
2025-01-04 13:13:45,802 [WARN] PackLoader:240 - Cannot read IP mode file for STMicroelectronics.X-CUBE-TOUCHGFX.4.22.0
2025-01-04 13:13:45,858 [WARN] PackLoader:240 - Cannot read IP mode file for STMicroelectronics.X-CUBE-MEMS1.9.3.0
2025-01-04 13:13:46,015 [WARN] PackLoader:240 - Cannot read IP mode file for STMicroelectronics.X-CUBE-AI.7.2.0
2025-01-04 13:13:46,019 [WARN] PackLoader:240 - Cannot read IP mode file for STMicroelectronics.FP-SNS-SMARTAG2.1.2.0
2025-01-04 13:13:46,070 [WARN] PackLoader:240 - Cannot read IP mode file for STMicroelectronics.X-CUBE-MEMS1.11.1.0
2025-01-04 13:13:46,205 [INFO] LogOutputStream:77 - [STDOUT_REDIRECT] 1 : Invalid condition id : UX_CORESTACK_Condition cause : null
2025-01-04 13:13:46,206 [INFO] LogOutputStream:77 - [STDOUT_REDIRECT] 1 : Invalid condition id : UX_CORESTACK_Condition cause : null
2025-01-04 13:13:46,206 [INFO] LogOutputStream:77 - [STDOUT_REDIRECT] 1 : Invalid condition id : UX_CORESTACK_Condition cause : null
2025-01-04 13:13:46,206 [INFO] LogOutputStream:77 - [STDOUT_REDIRECT] 1 : Invalid condition id : UX_CORESTACK_Condition cause : null
2025-01-04 13:13:46,206 [INFO] LogOutputStream:77 - [STDOUT_REDIRECT] 1 : Invalid condition id : UX_CORESTACK_Condition cause : null
2025-01-04 13:13:46,209 [WARN] PackLoader:240 - Cannot read IP mode file for STMicroelectronics.X-CUBE-AZRTOS-WL.2.0.0
2025-01-04 13:13:46,214 [WARN] PackLoader:240 - Cannot read IP mode file for STMicroelectronics.FP-SNS-MOTENV1.5.0.0
2025-01-04 13:13:46,219 [WARN] PackLoader:240 - Cannot read IP mode file for wolfSSL.I-CUBE-wolfMQTT.1.19.0
2025-01-04 13:13:46,225 [WARN] PackLoader:240 - Cannot read IP mode file for WES.I-CUBE-Cesium.1.3.0
2025-01-04 13:13:46,228 [WARN] PackLoader:240 - Cannot read IP mode file for STMicroelectronics.X-CUBE-BLE2.3.3.0
2025-01-04 13:13:46,234 [WARN] PackLoader:240 - Cannot read IP mode file for STMicroelectronics.X-CUBE-DISPLAY.2.2.0
2025-01-04 13:13:46,247 [WARN] PackLoader:240 - Cannot read IP mode file for STMicroelectronics.X-CUBE-ISPU.1.0.0
2025-01-04 13:13:46,256 [WARN] PackLoader:240 - Cannot read IP mode file for STMicroelectronics.X-CUBE-NFC9.1.0.0
2025-01-04 13:13:46,287 [WARN] PackLoader:240 - Cannot read IP mode file for STMicroelectronics.X-CUBE-AZRTOS-H7.2.1.0
2025-01-04 13:13:46,297 [WARN] PackLoader:240 - Cannot read IP mode file for STMicroelectronics.X-CUBE-ALGOBUILD.1.3.0
2025-01-04 13:13:46,328 [WARN] PackLoader:240 - Cannot read IP mode file for STMicroelectronics.X-CUBE-AZRTOS-G0.1.1.0
2025-01-04 13:13:46,338 [WARN] PackLoader:240 - Cannot read IP mode file for STMicroelectronics.X-CUBE-SAFEA1.1.2.2
2025-01-04 13:13:46,349 [WARN] PackLoader:240 - Cannot read IP mode file for STMicroelectronics.X-CUBE-NFC4.3.0.0
2025-01-04 13:13:46,387 [WARN] PackLoader:240 - Cannot read IP mode file for SEGGER.I-CUBE-embOS.1.2.0
2025-01-04 13:13:46,442 [WARN] PackLoader:240 - Cannot read IP mode file for EmbeddedOffice.I-CUBE-FS-RTOS.1.0.1
2025-01-04 13:13:46,449 [WARN] PackLoader:240 - Cannot read IP mode file for STMicroelectronics.X-CUBE-TCPP.4.2.0
2025-01-04 13:13:46,458 [WARN] PackLoader:240 - Cannot read IP mode file for RealThread.X-CUBE-RT-Thread_Nano.4.1.1
2025-01-04 13:13:46,477 [WARN] PackLoader:240 - Cannot read IP mode file for STMicroelectronics.FP-ATR-SIGFOX1.3.2.0
2025-01-04 13:13:46,481 [WARN] ConditionMgr:438 - getConditionDescription Invalid condition id : Cortex-A Device cause : null
2025-01-04 13:13:46,524 [WARN] ConditionMgr:1044 - genDependencies : Invalid condition id : Cortex-A Device cause : null
2025-01-04 13:13:46,529 [WARN] ConditionMgr:1044 - genDependencies : Invalid condition id : Cortex-A Device cause : null
2025-01-04 13:13:46,532 [WARN] ConditionMgr:1044 - genDependencies : Invalid condition id : Cortex-A Device cause : null
2025-01-04 13:13:46,562 [WARN] PackLoader:240 - Cannot read IP mode file for STMicroelectronics.X-CUBE-EEPRMA1.5.1.0
2025-01-04 13:13:46,604 [WARN] PackLoader:240 - Cannot read IP mode file for emotas.I-CUBE-CANOPEN.1.1.2
2025-01-04 13:13:46,610 [WARN] PackLoader:240 - Cannot read IP mode file for STMicroelectronics.X-CUBE-TOUCHGFX.4.20.0
2025-01-04 13:13:46,623 [WARN] PackLoader:240 - Cannot read IP mode file for ITTIA_DB.I-CUBE-ITTIADB.8.9.0
2025-01-04 13:13:46,665 [INFO] WebApp:449 - Apply proxy settings
2025-01-04 13:13:46,671 [INFO] WebApp:494 - Chromium authenticates against Manually configured proxy
2025-01-04 13:13:46,687 [WARN] PackLoader:240 - Cannot read IP mode file for SEGGER.I-CUBE-embOS.1.3.1
2025-01-04 13:13:46,695 [INFO] WebApp:502 - Username used for proxy authentication: 
2025-01-04 13:13:46,718 [WARN] PackLoader:240 - Cannot read IP mode file for STMicroelectronics.X-CUBE-ALGOBUILD.1.4.0
2025-01-04 13:13:46,724 [WARN] PackLoader:240 - Cannot read IP mode file for STMicroelectronics.X-CUBE-AI.9.1.0
2025-01-04 13:13:46,732 [WARN] PackLoader:240 - Cannot read IP mode file for STMicroelectronics.X-CUBE-GNSS1.6.0.0
2025-01-04 13:13:46,762 [WARN] PackLoader:240 - Cannot read IP mode file for STMicroelectronics.X-CUBE-AZRTOS-F4.1.1.0
2025-01-04 13:13:46,765 [INFO] WebApp:880 - Register for checkConnection events
2025-01-04 13:13:46,765 [INFO] WebApp:449 - Apply proxy settings
2025-01-04 13:13:46,767 [WARN] PackLoader:240 - Cannot read IP mode file for STMicroelectronics.X-CUBE-ISPU.2.1.0
2025-01-04 13:13:46,767 [INFO] WebApp:494 - Chromium authenticates against Manually configured proxy
2025-01-04 13:13:46,768 [INFO] WebApp:502 - Username used for proxy authentication: 
2025-01-04 13:13:46,781 [WARN] PackLoader:240 - Cannot read IP mode file for STMicroelectronics.X-CUBE-AZRTOS-L5.2.0.0
2025-01-04 13:13:46,818 [WARN] PackLoader:240 - Cannot read IP mode file for STMicroelectronics.X-CUBE-MEMS1.9.6.0
2025-01-04 13:13:46,914 [WARN] PackLoader:240 - Cannot read IP mode file for STMicroelectronics.X-CUBE-NFC6.3.1.0
2025-01-04 13:13:46,922 [WARN] PackLoader:240 - Cannot read IP mode file for STMicroelectronics.X-CUBE-BLEMGR.2.0.0
2025-01-04 13:13:46,927 [WARN] PackLoader:240 - Cannot read IP mode file for STMicroelectronics.X-CUBE-DPower.1.2.0
2025-01-04 13:13:46,931 [WARN] PackLoader:240 - Cannot read IP mode file for STMicroelectronics.X-CUBE-NFC4.2.0.4
2025-01-04 13:13:46,946 [WARN] ConditionMgr:438 - getConditionDescription Invalid condition id : UX DEVICE CLASS RTOS Condition cause : null
2025-01-04 13:13:46,946 [WARN] ConditionMgr:438 - getConditionDescription Invalid condition id : UX DEVICE CLASS RTOS Condition cause : null
2025-01-04 13:13:46,951 [WARN] PackLoader:240 - Cannot read IP mode file for STMicroelectronics.X-CUBE-AZRTOS-H7.3.1.0
2025-01-04 13:13:46,952 [WARN] ConditionMgr:1044 - genDependencies : Invalid condition id : UX DEVICE CLASS RTOS Condition cause : null
2025-01-04 13:13:46,952 [WARN] ConditionMgr:1044 - genDependencies : Invalid condition id : UX DEVICE CLASS RTOS Condition cause : null
2025-01-04 13:13:46,953 [WARN] ConditionMgr:1044 - genDependencies : Invalid condition id : UX DEVICE CLASS RTOS Condition cause : null
2025-01-04 13:13:46,954 [WARN] ConditionMgr:1044 - genDependencies : Invalid condition id : UX DEVICE CLASS RTOS Condition cause : null
2025-01-04 13:13:46,954 [WARN] ConditionMgr:1044 - genDependencies : Invalid condition id : UX DEVICE CLASS RTOS Condition cause : null
2025-01-04 13:13:46,961 [WARN] PackLoader:240 - Cannot read IP mode file for wolfSSL.I-CUBE-wolfSSL.5.5.0
2025-01-04 13:13:46,967 [WARN] PackLoader:240 - Cannot read IP mode file for STMicroelectronics.X-CUBE-FREERTOS.1.3.0
2025-01-04 13:13:46,980 [WARN] PackLoader:240 - Cannot read IP mode file for STMicroelectronics.X-CUBE-NFC7.1.0.1
2025-01-04 13:13:46,988 [WARN] PackLoader:240 - Cannot read IP mode file for STMicroelectronics.X-CUBE-NFC7.1.0.0
2025-01-04 13:13:46,995 [WARN] PackLoader:240 - Cannot read IP mode file for STMicroelectronics.X-CUBE-EEPRMA1.4.1.0
2025-01-04 13:13:46,998 [INFO] WebApp:187 - Connection restablished
2025-01-04 13:13:47,001 [WARN] PackLoader:240 - Cannot read IP mode file for STMicroelectronics.X-CUBE-AI.8.1.0
2025-01-04 13:13:47,021 [WARN] ConditionMgr:438 - getConditionDescription Invalid condition id : LAN8742 Phy interface Condition cause : null
2025-01-04 13:13:47,022 [WARN] PackLoader:240 - Cannot read IP mode file for STMicroelectronics.X-CUBE-AZRTOS-L4.2.0.0
2025-01-04 13:13:47,023 [WARN] ConditionMgr:1044 - genDependencies : Invalid condition id : LAN8742 Phy interface Condition cause : null
2025-01-04 13:13:47,023 [WARN] ConditionMgr:1044 - genDependencies : Invalid condition id : LAN8742 Phy interface Condition cause : null
2025-01-04 13:13:47,024 [WARN] ConditionMgr:1044 - genDependencies : Invalid condition id : LAN8742 Phy interface Condition cause : null
2025-01-04 13:13:47,035 [WARN] PackLoader:240 - Cannot read IP mode file for STMicroelectronics.X-CUBE-SFXS2LP1.4.0.0
2025-01-04 13:13:47,040 [WARN] PackLoader:240 - Cannot read IP mode file for STMicroelectronics.X-CUBE-ISPU.1.1.0
2025-01-04 13:13:47,048 [INFO] WebApp:221 - Starting web application
2025-01-04 13:13:47,049 [INFO] WebApp:579 - Web application path used /Applications/STM32CubeIDE.app/Contents/Eclipse/plugins/com.st.stm32cube.common.mx_6.13.0.202411220809/db/plugins/mcufinder/reactClient1/index.html
2025-01-04 13:13:47,068 [WARN] PackLoader:240 - Cannot read IP mode file for STMicroelectronics.X-CUBE-AZRTOS-H7.3.3.0
2025-01-04 13:13:47,082 [WARN] PackLoader:240 - Cannot read IP mode file for RoweBots.I-CUBE-UNISONRTOS.5.5.0-4
2025-01-04 13:13:47,096 [WARN] PackLoader:240 - Cannot read IP mode file for STMicroelectronics.X-CUBE-IPS.3.0.0
2025-01-04 13:13:47,143 [WARN] ConditionMgr:438 - getConditionDescription Invalid condition id : UX DEVICE CLASS RTOS Condition cause : null
2025-01-04 13:13:47,143 [WARN] ConditionMgr:438 - getConditionDescription Invalid condition id : UX DEVICE CLASS RTOS Condition cause : null
2025-01-04 13:13:47,151 [WARN] PackLoader:240 - Cannot read IP mode file for STMicroelectronics.X-CUBE-AZRTOS-WB.2.0.0
2025-01-04 13:13:47,154 [INFO] UserAuth:486 - Internet connection configuration mode: 1
2025-01-04 13:13:47,159 [WARN] ConditionMgr:1044 - genDependencies : Invalid condition id : UX DEVICE CLASS RTOS Condition cause : null
2025-01-04 13:13:47,159 [WARN] ConditionMgr:1044 - genDependencies : Invalid condition id : UX DEVICE CLASS RTOS Condition cause : null
2025-01-04 13:13:47,160 [WARN] ConditionMgr:1044 - genDependencies : Invalid condition id : UX DEVICE CLASS RTOS Condition cause : null
2025-01-04 13:13:47,160 [WARN] ConditionMgr:1044 - genDependencies : Invalid condition id : UX DEVICE CLASS RTOS Condition cause : null
2025-01-04 13:13:47,160 [WARN] ConditionMgr:1044 - genDependencies : Invalid condition id : UX DEVICE CLASS RTOS Condition cause : null
2025-01-04 13:13:47,176 [WARN] PackLoader:240 - Cannot read IP mode file for STMicroelectronics.X-CUBE-FREERTOS.1.0.1
2025-01-04 13:13:47,182 [WARN] PackLoader:240 - Cannot read IP mode file for STMicroelectronics.X-CUBE-GNSS1.7.0.1
2025-01-04 13:13:47,201 [WARN] PackLoader:240 - Cannot read IP mode file for STMicroelectronics.X-CUBE-BLEMGR.1.0.0
2025-01-04 13:13:47,207 [WARN] PackLoader:240 - Cannot read IP mode file for STMicroelectronics.FP-SNS-STBOX1.2.0.0
2025-01-04 13:13:47,221 [WARN] PackLoader:240 - Cannot read IP mode file for STMicroelectronics.X-CUBE-AZRTOS-L5.1.1.0
2025-01-04 13:13:47,225 [WARN] PackLoader:240 - Cannot read IP mode file for STMicroelectronics.X-CUBE-AI.8.0.1
2025-01-04 13:13:47,231 [WARN] PackLoader:240 - Cannot read IP mode file for STMicroelectronics.X-CUBE-SUBG2.5.0.0
2025-01-04 13:13:47,239 [WARN] PackLoader:240 - Cannot read IP mode file for Cesanta.I-CUBE-Mongoose.7.13.0
2025-01-04 13:13:47,249 [WARN] PackLoader:240 - Cannot read IP mode file for STMicroelectronics.X-CUBE-TOF1.3.3.1
2025-01-04 13:13:47,267 [WARN] PackLoader:240 - Cannot read IP mode file for STMicroelectronics.X-CUBE-AZRTOS-G4.2.0.0
2025-01-04 13:13:47,272 [WARN] PackLoader:240 - Cannot read IP mode file for STMicroelectronics.FP-ATR-ASTRA1.1.1.1
2025-01-04 13:13:47,285 [WARN] PackLoader:240 - Cannot read IP mode file for STMicroelectronics.X-CUBE-AZRTOS-G4.1.0.0
2025-01-04 13:13:47,300 [WARN] PackLoader:240 - Cannot read IP mode file for STMicroelectronics.X-CUBE-AZRTOS-L4.1.0.0
2025-01-04 13:13:47,307 [WARN] PackLoader:240 - Cannot read IP mode file for STMicroelectronics.X-CUBE-ALS.1.0.2
2025-01-04 13:13:47,314 [WARN] PackLoader:240 - Cannot read IP mode file for STMicroelectronics.X-CUBE-AZRTOS-WL.1.0.0
2025-01-04 13:13:47,317 [WARN] PackLoader:240 - Cannot read IP mode file for STMicroelectronics.X-CUBE-TOUCHGFX.4.24.1
2025-01-04 13:13:47,320 [WARN] PackLoader:240 - Cannot read IP mode file for wolfSSL.I-CUBE-wolfTPM.3.4.0
2025-01-04 13:13:47,325 [WARN] PackLoader:240 - Cannot read IP mode file for portGmbH.I-Cube-SoM-uGOAL.1.1.0
2025-01-04 13:13:47,328 [WARN] PackLoader:240 - Cannot read IP mode file for STMicroelectronics.X-CUBE-ALS.1.0.1
2025-01-04 13:13:47,338 [WARN] PackLoader:240 - Cannot read IP mode file for STMicroelectronics.X-CUBE-AZRTOS-WB.1.1.0
2025-01-04 13:13:47,350 [WARN] PackLoader:240 - Cannot read IP mode file for STMicroelectronics.X-CUBE-AZRTOS-L5.1.0.0
2025-01-04 13:13:47,354 [WARN] PackLoader:240 - Cannot read IP mode file for STMicroelectronics.X-CUBE-EEPRMA1.3.1.1
2025-01-04 13:13:47,366 [WARN] PackLoader:240 - Cannot read IP mode file for STMicroelectronics.X-CUBE-AZRTOS-H7RS.1.0.0
2025-01-04 13:13:47,370 [WARN] PackLoader:240 - Cannot read IP mode file for STMicroelectronics.FP-ATR-ASTRA1.2.0.0
2025-01-04 13:13:47,379 [WARN] PackLoader:240 - Cannot read IP mode file for STMicroelectronics.X-CUBE-TOF1.3.4.2
2025-01-04 13:13:47,387 [WARN] PackLoader:240 - Cannot read IP mode file for wolfSSL.I-CUBE-wolfSSH.1.4.17
2025-01-04 13:13:47,387 [INFO] ThirdParty:978 - Integrity check success = true
2025-01-04 13:13:47,387 [INFO] IntegrityCheckThread:100 - exiting critical section [integrity check]
2025-01-04 13:13:47,387 [INFO] IntegrityCheckThread:103 - End integrity checks thread
